{"C:\\Users\\Father Fakir\\WARG-Platform\\server\\src\\config\\database.js": {"path":"C:\\Users\\Father Fakir\\WARG-Platform\\server\\src\\config\\database.js","statementMap":{"0":{"start":{"line":1,"column":22},"end":{"line":1,"column":42}},"1":{"start":{"line":2,"column":0},"end":{"line":2,"column":27}},"2":{"start":{"line":5,"column":18},"end":{"line":15,"column":2}},"3":{"start":{"line":17,"column":0},"end":{"line":17,"column":27}}},"fnMap":{},"branchMap":{},"s":{"0":2,"1":2,"2":2,"3":2},"f":{},"b":{},"_coverageSchema":"1a1c01bbd47fc00a2c39e90264f33305004495a9","hash":"7900d2c959281aaee97ce3aa5f55ca0d9f49302d"}
,"C:\\Users\\Father Fakir\\WARG-Platform\\server\\src\\config\\passport.js": {"path":"C:\\Users\\Father Fakir\\WARG-Platform\\server\\src\\config\\passport.js","statementMap":{"0":{"start":{"line":1,"column":17},"end":{"line":1,"column":36}},"1":{"start":{"line":2,"column":23},"end":{"line":2,"column":66}},"2":{"start":{"line":3,"column":22},"end":{"line":3,"column":56}},"3":{"start":{"line":4,"column":15},"end":{"line":4,"column":34}},"4":{"start":{"line":5,"column":13},"end":{"line":5,"column":38}},"5":{"start":{"line":8,"column":0},"end":{"line":10,"column":3}},"6":{"start":{"line":9,"column":2},"end":{"line":9,"column":27}},"7":{"start":{"line":13,"column":0},"end":{"line":22,"column":3}},"8":{"start":{"line":14,"column":2},"end":{"line":21,"column":3}},"9":{"start":{"line":15,"column":17},"end":{"line":17,"column":6}},"10":{"start":{"line":18,"column":4},"end":{"line":18,"column":21}},"11":{"start":{"line":20,"column":4},"end":{"line":20,"column":20}},"12":{"start":{"line":27,"column":0},"end":{"line":61,"column":1}},"13":{"start":{"line":28,"column":2},"end":{"line":57,"column":5}},"14":{"start":{"line":34,"column":6},"end":{"line":55,"column":7}},"15":{"start":{"line":36,"column":19},"end":{"line":36,"column":76}},"16":{"start":{"line":38,"column":8},"end":{"line":41,"column":9}},"17":{"start":{"line":40,"column":10},"end":{"line":40,"column":34}},"18":{"start":{"line":44,"column":8},"end":{"line":50,"column":11}},"19":{"start":{"line":52,"column":8},"end":{"line":52,"column":32}},"20":{"start":{"line":54,"column":8},"end":{"line":54,"column":31}},"21":{"start":{"line":58,"column":2},"end":{"line":58,"column":53}},"22":{"start":{"line":60,"column":2},"end":{"line":60,"column":97}},"23":{"start":{"line":64,"column":0},"end":{"line":88,"column":3}},"24":{"start":{"line":67,"column":4},"end":{"line":86,"column":5}},"25":{"start":{"line":68,"column":19},"end":{"line":68,"column":59}},"26":{"start":{"line":69,"column":6},"end":{"line":71,"column":7}},"27":{"start":{"line":70,"column":8},"end":{"line":70,"column":78}},"28":{"start":{"line":74,"column":6},"end":{"line":76,"column":7}},"29":{"start":{"line":75,"column":8},"end":{"line":75,"column":109}},"30":{"start":{"line":78,"column":22},"end":{"line":78,"column":72}},"31":{"start":{"line":79,"column":6},"end":{"line":81,"column":7}},"32":{"start":{"line":80,"column":8},"end":{"line":80,"column":78}},"33":{"start":{"line":83,"column":6},"end":{"line":83,"column":30}},"34":{"start":{"line":85,"column":6},"end":{"line":85,"column":23}},"35":{"start":{"line":90,"column":0},"end":{"line":90,"column":26}}},"fnMap":{"0":{"name":"(anonymous_0)","decl":{"start":{"line":8,"column":23},"end":{"line":8,"column":24}},"loc":{"start":{"line":8,"column":39},"end":{"line":10,"column":1}},"line":8},"1":{"name":"(anonymous_1)","decl":{"start":{"line":13,"column":25},"end":{"line":13,"column":26}},"loc":{"start":{"line":13,"column":45},"end":{"line":22,"column":1}},"line":13},"2":{"name":"(anonymous_2)","decl":{"start":{"line":33,"column":4},"end":{"line":33,"column":5}},"loc":{"start":{"line":33,"column":56},"end":{"line":56,"column":5}},"line":33},"3":{"name":"(anonymous_3)","decl":{"start":{"line":66,"column":2},"end":{"line":66,"column":3}},"loc":{"start":{"line":66,"column":35},"end":{"line":87,"column":3}},"line":66}},"branchMap":{"0":{"loc":{"start":{"line":27,"column":0},"end":{"line":61,"column":1}},"type":"if","locations":[{"start":{"line":27,"column":0},"end":{"line":61,"column":1}},{"start":{"line":59,"column":7},"end":{"line":61,"column":1}}],"line":27},"1":{"loc":{"start":{"line":27,"column":4},"end":{"line":27,"column":68}},"type":"binary-expr","locations":[{"start":{"line":27,"column":4},"end":{"line":27,"column":32}},{"start":{"line":27,"column":36},"end":{"line":27,"column":68}}],"line":27},"2":{"loc":{"start":{"line":31,"column":19},"end":{"line":31,"column":77}},"type":"binary-expr","locations":[{"start":{"line":31,"column":19},"end":{"line":31,"column":50}},{"start":{"line":31,"column":54},"end":{"line":31,"column":77}}],"line":31},"3":{"loc":{"start":{"line":38,"column":8},"end":{"line":41,"column":9}},"type":"if","locations":[{"start":{"line":38,"column":8},"end":{"line":41,"column":9}},{"start":{},"end":{}}],"line":38},"4":{"loc":{"start":{"line":47,"column":20},"end":{"line":47,"column":73}},"type":"binary-expr","locations":[{"start":{"line":47,"column":20},"end":{"line":47,"column":39}},{"start":{"line":47,"column":43},"end":{"line":47,"column":73}}],"line":47},"5":{"loc":{"start":{"line":69,"column":6},"end":{"line":71,"column":7}},"type":"if","locations":[{"start":{"line":69,"column":6},"end":{"line":71,"column":7}},{"start":{},"end":{}}],"line":69},"6":{"loc":{"start":{"line":74,"column":6},"end":{"line":76,"column":7}},"type":"if","locations":[{"start":{"line":74,"column":6},"end":{"line":76,"column":7}},{"start":{},"end":{}}],"line":74},"7":{"loc":{"start":{"line":79,"column":6},"end":{"line":81,"column":7}},"type":"if","locations":[{"start":{"line":79,"column":6},"end":{"line":81,"column":7}},{"start":{},"end":{}}],"line":79}},"s":{"0":1,"1":1,"2":1,"3":1,"4":1,"5":1,"6":0,"7":1,"8":0,"9":0,"10":0,"11":0,"12":1,"13":1,"14":3,"15":3,"16":2,"17":1,"18":1,"19":1,"20":1,"21":1,"22":0,"23":1,"24":5,"25":5,"26":4,"27":1,"28":3,"29":1,"30":2,"31":2,"32":1,"33":1,"34":1,"35":1},"f":{"0":0,"1":0,"2":3,"3":5},"b":{"0":[1,0],"1":[1,1],"2":[1,1],"3":[1,1],"4":[1,0],"5":[1,3],"6":[1,2],"7":[1,1]},"_coverageSchema":"1a1c01bbd47fc00a2c39e90264f33305004495a9","hash":"36951f155230842e1d0d1d085cab097a30b4b8e3"}
,"C:\\Users\\Father Fakir\\WARG-Platform\\server\\src\\controllers\\argController.js": {"path":"C:\\Users\\Father Fakir\\WARG-Platform\\server\\src\\controllers\\argController.js","statementMap":{"0":{"start":{"line":1,"column":82},"end":{"line":1,"column":102}},"1":{"start":{"line":3,"column":0},"end":{"line":14,"column":2}},"2":{"start":{"line":4,"column":2},"end":{"line":13,"column":3}},"3":{"start":{"line":5,"column":17},"end":{"line":8,"column":6}},"4":{"start":{"line":9,"column":4},"end":{"line":9,"column":19}},"5":{"start":{"line":11,"column":4},"end":{"line":11,"column":25}},"6":{"start":{"line":12,"column":4},"end":{"line":12,"column":60}},"7":{"start":{"line":16,"column":0},"end":{"line":35,"column":2}},"8":{"start":{"line":17,"column":2},"end":{"line":34,"column":3}},"9":{"start":{"line":18,"column":16},"end":{"line":28,"column":6}},"10":{"start":{"line":29,"column":4},"end":{"line":29,"column":70}},"11":{"start":{"line":29,"column":14},"end":{"line":29,"column":70}},"12":{"start":{"line":30,"column":4},"end":{"line":30,"column":18}},"13":{"start":{"line":32,"column":4},"end":{"line":32,"column":25}},"14":{"start":{"line":33,"column":4},"end":{"line":33,"column":59}},"15":{"start":{"line":37,"column":34},"end":{"line":44,"column":1}},"16":{"start":{"line":38,"column":14},"end":{"line":42,"column":3}},"17":{"start":{"line":43,"column":2},"end":{"line":43,"column":38}},"18":{"start":{"line":46,"column":0},"end":{"line":95,"column":2}},"19":{"start":{"line":47,"column":22},"end":{"line":47,"column":51}},"20":{"start":{"line":48,"column":2},"end":{"line":94,"column":3}},"21":{"start":{"line":49,"column":23},"end":{"line":49,"column":79}},"22":{"start":{"line":50,"column":71},"end":{"line":50,"column":79}},"23":{"start":{"line":52,"column":19},"end":{"line":57,"column":23}},"24":{"start":{"line":59,"column":18},"end":{"line":59,"column":20}},"25":{"start":{"line":60,"column":4},"end":{"line":74,"column":5}},"26":{"start":{"line":61,"column":19},"end":{"line":66,"column":25}},"27":{"start":{"line":68,"column":6},"end":{"line":68,"column":38}},"28":{"start":{"line":70,"column":6},"end":{"line":73,"column":26}},"29":{"start":{"line":76,"column":4},"end":{"line":86,"column":5}},"30":{"start":{"line":77,"column":21},"end":{"line":77,"column":37}},"31":{"start":{"line":78,"column":19},"end":{"line":78,"column":33}},"32":{"start":{"line":79,"column":6},"end":{"line":85,"column":7}},"33":{"start":{"line":80,"column":8},"end":{"line":84,"column":28}},"34":{"start":{"line":88,"column":4},"end":{"line":88,"column":31}},"35":{"start":{"line":89,"column":4},"end":{"line":89,"column":33}},"36":{"start":{"line":91,"column":4},"end":{"line":91,"column":33}},"37":{"start":{"line":92,"column":4},"end":{"line":92,"column":25}},"38":{"start":{"line":93,"column":4},"end":{"line":93,"column":60}},"39":{"start":{"line":97,"column":0},"end":{"line":193,"column":2}},"40":{"start":{"line":98,"column":22},"end":{"line":98,"column":51}},"41":{"start":{"line":99,"column":2},"end":{"line":192,"column":3}},"42":{"start":{"line":100,"column":19},"end":{"line":100,"column":32}},"43":{"start":{"line":101,"column":71},"end":{"line":101,"column":79}},"44":{"start":{"line":103,"column":16},"end":{"line":103,"column":42}},"45":{"start":{"line":104,"column":4},"end":{"line":107,"column":5}},"46":{"start":{"line":105,"column":6},"end":{"line":105,"column":35}},"47":{"start":{"line":106,"column":6},"end":{"line":106,"column":62}},"48":{"start":{"line":109,"column":23},"end":{"line":109,"column":79}},"49":{"start":{"line":110,"column":4},"end":{"line":113,"column":5}},"50":{"start":{"line":111,"column":7},"end":{"line":111,"column":36}},"51":{"start":{"line":112,"column":7},"end":{"line":112,"column":64}},"52":{"start":{"line":115,"column":4},"end":{"line":119,"column":24}},"53":{"start":{"line":122,"column":24},"end":{"line":122,"column":82}},"54":{"start":{"line":123,"column":24},"end":{"line":123,"column":59}},"55":{"start":{"line":123,"column":45},"end":{"line":123,"column":58}},"56":{"start":{"line":124,"column":26},"end":{"line":124,"column":76}},"57":{"start":{"line":124,"column":45},"end":{"line":124,"column":58}},"58":{"start":{"line":124,"column":73},"end":{"line":124,"column":75}},"59":{"start":{"line":125,"column":24},"end":{"line":125,"column":77}},"60":{"start":{"line":125,"column":49},"end":{"line":125,"column":76}},"61":{"start":{"line":127,"column":4},"end":{"line":129,"column":5}},"62":{"start":{"line":128,"column":6},"end":{"line":128,"column":83}},"63":{"start":{"line":131,"column":18},"end":{"line":131,"column":20}},"64":{"start":{"line":132,"column":4},"end":{"line":168,"column":5}},"65":{"start":{"line":133,"column":6},"end":{"line":167,"column":7}},"66":{"start":{"line":135,"column":8},"end":{"line":139,"column":68}},"67":{"start":{"line":141,"column":8},"end":{"line":141,"column":38}},"68":{"start":{"line":143,"column":19},"end":{"line":143,"column":98}},"69":{"start":{"line":144,"column":8},"end":{"line":151,"column":9}},"70":{"start":{"line":145,"column":10},"end":{"line":145,"column":94}},"71":{"start":{"line":147,"column":10},"end":{"line":150,"column":30}},"72":{"start":{"line":154,"column":21},"end":{"line":159,"column":27}},"73":{"start":{"line":161,"column":8},"end":{"line":161,"column":40}},"74":{"start":{"line":163,"column":8},"end":{"line":166,"column":28}},"75":{"start":{"line":171,"column":4},"end":{"line":171,"column":67}},"76":{"start":{"line":173,"column":4},"end":{"line":184,"column":5}},"77":{"start":{"line":174,"column":21},"end":{"line":174,"column":62}},"78":{"start":{"line":175,"column":19},"end":{"line":175,"column":56}},"79":{"start":{"line":177,"column":6},"end":{"line":183,"column":7}},"80":{"start":{"line":178,"column":8},"end":{"line":182,"column":28}},"81":{"start":{"line":186,"column":4},"end":{"line":186,"column":31}},"82":{"start":{"line":187,"column":4},"end":{"line":187,"column":18}},"83":{"start":{"line":189,"column":4},"end":{"line":189,"column":33}},"84":{"start":{"line":190,"column":4},"end":{"line":190,"column":25}},"85":{"start":{"line":191,"column":4},"end":{"line":191,"column":60}},"86":{"start":{"line":195,"column":0},"end":{"line":229,"column":2}},"87":{"start":{"line":196,"column":2},"end":{"line":228,"column":3}},"88":{"start":{"line":197,"column":30},"end":{"line":197,"column":38}},"89":{"start":{"line":198,"column":19},"end":{"line":198,"column":32}},"90":{"start":{"line":200,"column":4},"end":{"line":202,"column":5}},"91":{"start":{"line":201,"column":6},"end":{"line":201,"column":72}},"92":{"start":{"line":204,"column":25},"end":{"line":204,"column":78}},"93":{"start":{"line":206,"column":17},"end":{"line":206,"column":24}},"94":{"start":{"line":207,"column":4},"end":{"line":217,"column":5}},"95":{"start":{"line":208,"column":6},"end":{"line":214,"column":7}},"96":{"start":{"line":209,"column":8},"end":{"line":209,"column":37}},"97":{"start":{"line":210,"column":8},"end":{"line":210,"column":27}},"98":{"start":{"line":212,"column":8},"end":{"line":212,"column":33}},"99":{"start":{"line":213,"column":8},"end":{"line":213,"column":34}},"100":{"start":{"line":216,"column":6},"end":{"line":216,"column":54}},"101":{"start":{"line":219,"column":23},"end":{"line":219,"column":79}},"102":{"start":{"line":220,"column":26},"end":{"line":220,"column":85}},"103":{"start":{"line":222,"column":4},"end":{"line":222,"column":75}},"104":{"start":{"line":224,"column":4},"end":{"line":224,"column":67}},"105":{"start":{"line":226,"column":4},"end":{"line":226,"column":25}},"106":{"start":{"line":227,"column":4},"end":{"line":227,"column":54}},"107":{"start":{"line":231,"column":0},"end":{"line":252,"column":2}},"108":{"start":{"line":232,"column":2},"end":{"line":251,"column":3}},"109":{"start":{"line":233,"column":49},"end":{"line":233,"column":57}},"110":{"start":{"line":234,"column":19},"end":{"line":234,"column":32}},"111":{"start":{"line":236,"column":4},"end":{"line":238,"column":5}},"112":{"start":{"line":237,"column":6},"end":{"line":237,"column":78}},"113":{"start":{"line":240,"column":17},"end":{"line":245,"column":6}},"114":{"start":{"line":247,"column":4},"end":{"line":247,"column":31}},"115":{"start":{"line":249,"column":4},"end":{"line":249,"column":25}},"116":{"start":{"line":250,"column":4},"end":{"line":250,"column":58}}},"fnMap":{"0":{"name":"(anonymous_0)","decl":{"start":{"line":3,"column":21},"end":{"line":3,"column":22}},"loc":{"start":{"line":3,"column":41},"end":{"line":14,"column":1}},"line":3},"1":{"name":"(anonymous_1)","decl":{"start":{"line":16,"column":21},"end":{"line":16,"column":22}},"loc":{"start":{"line":16,"column":41},"end":{"line":35,"column":1}},"line":16},"2":{"name":"(anonymous_2)","decl":{"start":{"line":37,"column":34},"end":{"line":37,"column":35}},"loc":{"start":{"line":37,"column":44},"end":{"line":44,"column":1}},"line":37},"3":{"name":"(anonymous_3)","decl":{"start":{"line":46,"column":20},"end":{"line":46,"column":21}},"loc":{"start":{"line":46,"column":40},"end":{"line":95,"column":1}},"line":46},"4":{"name":"(anonymous_4)","decl":{"start":{"line":97,"column":20},"end":{"line":97,"column":21}},"loc":{"start":{"line":97,"column":40},"end":{"line":193,"column":1}},"line":97},"5":{"name":"(anonymous_5)","decl":{"start":{"line":123,"column":40},"end":{"line":123,"column":41}},"loc":{"start":{"line":123,"column":45},"end":{"line":123,"column":58}},"line":123},"6":{"name":"(anonymous_6)","decl":{"start":{"line":124,"column":40},"end":{"line":124,"column":41}},"loc":{"start":{"line":124,"column":45},"end":{"line":124,"column":58}},"line":124},"7":{"name":"(anonymous_7)","decl":{"start":{"line":124,"column":67},"end":{"line":124,"column":68}},"loc":{"start":{"line":124,"column":73},"end":{"line":124,"column":75}},"line":124},"8":{"name":"(anonymous_8)","decl":{"start":{"line":125,"column":43},"end":{"line":125,"column":44}},"loc":{"start":{"line":125,"column":49},"end":{"line":125,"column":76}},"line":125},"9":{"name":"(anonymous_9)","decl":{"start":{"line":195,"column":18},"end":{"line":195,"column":19}},"loc":{"start":{"line":195,"column":38},"end":{"line":229,"column":1}},"line":195},"10":{"name":"(anonymous_10)","decl":{"start":{"line":231,"column":18},"end":{"line":231,"column":19}},"loc":{"start":{"line":231,"column":38},"end":{"line":252,"column":1}},"line":231}},"branchMap":{"0":{"loc":{"start":{"line":29,"column":4},"end":{"line":29,"column":70}},"type":"if","locations":[{"start":{"line":29,"column":4},"end":{"line":29,"column":70}},{"start":{},"end":{}}],"line":29},"1":{"loc":{"start":{"line":43,"column":9},"end":{"line":43,"column":37}},"type":"binary-expr","locations":[{"start":{"line":43,"column":9},"end":{"line":43,"column":18}},{"start":{"line":43,"column":22},"end":{"line":43,"column":37}}],"line":43},"2":{"loc":{"start":{"line":49,"column":23},"end":{"line":49,"column":79}},"type":"cond-expr","locations":[{"start":{"line":49,"column":34},"end":{"line":49,"column":50}},{"start":{"line":49,"column":54},"end":{"line":49,"column":78}}],"line":49},"3":{"loc":{"start":{"line":49,"column":54},"end":{"line":49,"column":78}},"type":"binary-expr","locations":[{"start":{"line":49,"column":54},"end":{"line":49,"column":73}},{"start":{"line":49,"column":77},"end":{"line":49,"column":78}}],"line":49},"4":{"loc":{"start":{"line":50,"column":40},"end":{"line":50,"column":54}},"type":"default-arg","locations":[{"start":{"line":50,"column":52},"end":{"line":50,"column":54}}],"line":50},"5":{"loc":{"start":{"line":50,"column":56},"end":{"line":50,"column":66}},"type":"default-arg","locations":[{"start":{"line":50,"column":64},"end":{"line":50,"column":66}}],"line":50},"6":{"loc":{"start":{"line":54,"column":13},"end":{"line":54,"column":37}},"type":"binary-expr","locations":[{"start":{"line":54,"column":13},"end":{"line":54,"column":18}},{"start":{"line":54,"column":22},"end":{"line":54,"column":37}}],"line":54},"7":{"loc":{"start":{"line":55,"column":19},"end":{"line":55,"column":36}},"type":"binary-expr","locations":[{"start":{"line":55,"column":19},"end":{"line":55,"column":30}},{"start":{"line":55,"column":34},"end":{"line":55,"column":36}}],"line":55},"8":{"loc":{"start":{"line":56,"column":14},"end":{"line":56,"column":37}},"type":"binary-expr","locations":[{"start":{"line":56,"column":14},"end":{"line":56,"column":20}},{"start":{"line":56,"column":24},"end":{"line":56,"column":37}}],"line":56},"9":{"loc":{"start":{"line":63,"column":15},"end":{"line":63,"column":37}},"type":"binary-expr","locations":[{"start":{"line":63,"column":15},"end":{"line":63,"column":23}},{"start":{"line":63,"column":27},"end":{"line":63,"column":37}}],"line":63},"10":{"loc":{"start":{"line":64,"column":21},"end":{"line":64,"column":41}},"type":"binary-expr","locations":[{"start":{"line":64,"column":21},"end":{"line":64,"column":35}},{"start":{"line":64,"column":39},"end":{"line":64,"column":41}}],"line":64},"11":{"loc":{"start":{"line":79,"column":6},"end":{"line":85,"column":7}},"type":"if","locations":[{"start":{"line":79,"column":6},"end":{"line":85,"column":7}},{"start":{},"end":{}}],"line":79},"12":{"loc":{"start":{"line":79,"column":10},"end":{"line":79,"column":24}},"type":"binary-expr","locations":[{"start":{"line":79,"column":10},"end":{"line":79,"column":16}},{"start":{"line":79,"column":20},"end":{"line":79,"column":24}}],"line":79},"13":{"loc":{"start":{"line":101,"column":40},"end":{"line":101,"column":54}},"type":"default-arg","locations":[{"start":{"line":101,"column":52},"end":{"line":101,"column":54}}],"line":101},"14":{"loc":{"start":{"line":101,"column":56},"end":{"line":101,"column":66}},"type":"default-arg","locations":[{"start":{"line":101,"column":64},"end":{"line":101,"column":66}}],"line":101},"15":{"loc":{"start":{"line":104,"column":4},"end":{"line":107,"column":5}},"type":"if","locations":[{"start":{"line":104,"column":4},"end":{"line":107,"column":5}},{"start":{},"end":{}}],"line":104},"16":{"loc":{"start":{"line":109,"column":23},"end":{"line":109,"column":79}},"type":"cond-expr","locations":[{"start":{"line":109,"column":34},"end":{"line":109,"column":50}},{"start":{"line":109,"column":54},"end":{"line":109,"column":78}}],"line":109},"17":{"loc":{"start":{"line":109,"column":54},"end":{"line":109,"column":78}},"type":"binary-expr","locations":[{"start":{"line":109,"column":54},"end":{"line":109,"column":73}},{"start":{"line":109,"column":77},"end":{"line":109,"column":78}}],"line":109},"18":{"loc":{"start":{"line":110,"column":4},"end":{"line":113,"column":5}},"type":"if","locations":[{"start":{"line":110,"column":4},"end":{"line":113,"column":5}},{"start":{},"end":{}}],"line":110},"19":{"loc":{"start":{"line":116,"column":13},"end":{"line":116,"column":31}},"type":"binary-expr","locations":[{"start":{"line":116,"column":13},"end":{"line":116,"column":18}},{"start":{"line":116,"column":22},"end":{"line":116,"column":31}}],"line":116},"20":{"loc":{"start":{"line":117,"column":19},"end":{"line":117,"column":49}},"type":"binary-expr","locations":[{"start":{"line":117,"column":19},"end":{"line":117,"column":30}},{"start":{"line":117,"column":34},"end":{"line":117,"column":49}}],"line":117},"21":{"loc":{"start":{"line":118,"column":14},"end":{"line":118,"column":34}},"type":"binary-expr","locations":[{"start":{"line":118,"column":14},"end":{"line":118,"column":20}},{"start":{"line":118,"column":24},"end":{"line":118,"column":34}}],"line":118},"22":{"loc":{"start":{"line":127,"column":4},"end":{"line":129,"column":5}},"type":"if","locations":[{"start":{"line":127,"column":4},"end":{"line":129,"column":5}},{"start":{},"end":{}}],"line":127},"23":{"loc":{"start":{"line":133,"column":6},"end":{"line":167,"column":7}},"type":"if","locations":[{"start":{"line":133,"column":6},"end":{"line":167,"column":7}},{"start":{"line":152,"column":13},"end":{"line":167,"column":7}}],"line":133},"24":{"loc":{"start":{"line":136,"column":17},"end":{"line":136,"column":39}},"type":"binary-expr","locations":[{"start":{"line":136,"column":17},"end":{"line":136,"column":25}},{"start":{"line":136,"column":29},"end":{"line":136,"column":39}}],"line":136},"25":{"loc":{"start":{"line":137,"column":23},"end":{"line":137,"column":43}},"type":"binary-expr","locations":[{"start":{"line":137,"column":23},"end":{"line":137,"column":37}},{"start":{"line":137,"column":41},"end":{"line":137,"column":43}}],"line":137},"26":{"loc":{"start":{"line":144,"column":8},"end":{"line":151,"column":9}},"type":"if","locations":[{"start":{"line":144,"column":8},"end":{"line":151,"column":9}},{"start":{"line":146,"column":15},"end":{"line":151,"column":9}}],"line":144},"27":{"loc":{"start":{"line":156,"column":17},"end":{"line":156,"column":39}},"type":"binary-expr","locations":[{"start":{"line":156,"column":17},"end":{"line":156,"column":25}},{"start":{"line":156,"column":29},"end":{"line":156,"column":39}}],"line":156},"28":{"loc":{"start":{"line":157,"column":23},"end":{"line":157,"column":43}},"type":"binary-expr","locations":[{"start":{"line":157,"column":23},"end":{"line":157,"column":37}},{"start":{"line":157,"column":41},"end":{"line":157,"column":43}}],"line":157},"29":{"loc":{"start":{"line":174,"column":21},"end":{"line":174,"column":62}},"type":"binary-expr","locations":[{"start":{"line":174,"column":21},"end":{"line":174,"column":37}},{"start":{"line":174,"column":41},"end":{"line":174,"column":62}}],"line":174},"30":{"loc":{"start":{"line":175,"column":19},"end":{"line":175,"column":56}},"type":"binary-expr","locations":[{"start":{"line":175,"column":19},"end":{"line":175,"column":33}},{"start":{"line":175,"column":37},"end":{"line":175,"column":56}}],"line":175},"31":{"loc":{"start":{"line":177,"column":6},"end":{"line":183,"column":7}},"type":"if","locations":[{"start":{"line":177,"column":6},"end":{"line":183,"column":7}},{"start":{},"end":{}}],"line":177},"32":{"loc":{"start":{"line":177,"column":10},"end":{"line":177,"column":24}},"type":"binary-expr","locations":[{"start":{"line":177,"column":10},"end":{"line":177,"column":16}},{"start":{"line":177,"column":20},"end":{"line":177,"column":24}}],"line":177},"33":{"loc":{"start":{"line":200,"column":4},"end":{"line":202,"column":5}},"type":"if","locations":[{"start":{"line":200,"column":4},"end":{"line":202,"column":5}},{"start":{},"end":{}}],"line":200},"34":{"loc":{"start":{"line":200,"column":8},"end":{"line":200,"column":25}},"type":"binary-expr","locations":[{"start":{"line":200,"column":8},"end":{"line":200,"column":16}},{"start":{"line":200,"column":20},"end":{"line":200,"column":25}}],"line":200},"35":{"loc":{"start":{"line":207,"column":4},"end":{"line":217,"column":5}},"type":"if","locations":[{"start":{"line":207,"column":4},"end":{"line":217,"column":5}},{"start":{"line":215,"column":11},"end":{"line":217,"column":5}}],"line":207},"36":{"loc":{"start":{"line":208,"column":6},"end":{"line":214,"column":7}},"type":"if","locations":[{"start":{"line":208,"column":6},"end":{"line":214,"column":7}},{"start":{"line":211,"column":13},"end":{"line":214,"column":7}}],"line":208},"37":{"loc":{"start":{"line":236,"column":4},"end":{"line":238,"column":5}},"type":"if","locations":[{"start":{"line":236,"column":4},"end":{"line":238,"column":5}},{"start":{},"end":{}}],"line":236},"38":{"loc":{"start":{"line":236,"column":8},"end":{"line":236,"column":31}},"type":"binary-expr","locations":[{"start":{"line":236,"column":8},"end":{"line":236,"column":20}},{"start":{"line":236,"column":24},"end":{"line":236,"column":31}}],"line":236}},"s":{"0":1,"1":1,"2":2,"3":2,"4":1,"5":1,"6":1,"7":1,"8":3,"9":3,"10":2,"11":1,"12":1,"13":1,"14":1,"15":1,"16":0,"17":0,"18":1,"19":2,"20":2,"21":2,"22":2,"23":2,"24":1,"25":1,"26":0,"27":0,"28":0,"29":1,"30":0,"31":0,"32":0,"33":0,"34":1,"35":1,"36":1,"37":1,"38":1,"39":1,"40":3,"41":3,"42":3,"43":3,"44":3,"45":3,"46":1,"47":1,"48":2,"49":2,"50":1,"51":1,"52":1,"53":1,"54":1,"55":0,"56":1,"57":0,"58":0,"59":1,"60":0,"61":1,"62":0,"63":1,"64":1,"65":0,"66":0,"67":0,"68":0,"69":0,"70":0,"71":0,"72":0,"73":0,"74":0,"75":1,"76":1,"77":0,"78":0,"79":0,"80":0,"81":1,"82":1,"83":0,"84":0,"85":0,"86":1,"87":2,"88":2,"89":2,"90":2,"91":1,"92":1,"93":1,"94":1,"95":0,"96":0,"97":0,"98":0,"99":0,"100":1,"101":1,"102":1,"103":1,"104":1,"105":0,"106":0,"107":1,"108":2,"109":2,"110":2,"111":2,"112":1,"113":1,"114":1,"115":0,"116":0},"f":{"0":2,"1":3,"2":0,"3":2,"4":3,"5":0,"6":0,"7":0,"8":0,"9":2,"10":2},"b":{"0":[1,1],"1":[0,0],"2":[2,0],"3":[0,0],"4":[1],"5":[1],"6":[2,1],"7":[2,2],"8":[2,2],"9":[0,0],"10":[0,0],"11":[0,0],"12":[0,0],"13":[3],"14":[3],"15":[1,2],"16":[2,0],"17":[0,0],"18":[1,1],"19":[1,0],"20":[1,1],"21":[1,1],"22":[0,1],"23":[0,0],"24":[0,0],"25":[0,0],"26":[0,0],"27":[0,0],"28":[0,0],"29":[0,0],"30":[0,0],"31":[0,0],"32":[0,0],"33":[1,1],"34":[2,1],"35":[0,1],"36":[0,0],"37":[1,1],"38":[2,1]},"_coverageSchema":"1a1c01bbd47fc00a2c39e90264f33305004495a9","hash":"4635c71abc0a4bed9dd7876fd2eed3c7df310f7b"}
,"C:\\Users\\Father Fakir\\WARG-Platform\\server\\src\\controllers\\authController.js": {"path":"C:\\Users\\Father Fakir\\WARG-Platform\\server\\src\\controllers\\authController.js","statementMap":{"0":{"start":{"line":1,"column":17},"end":{"line":1,"column":37}},"1":{"start":{"line":2,"column":15},"end":{"line":2,"column":34}},"2":{"start":{"line":3,"column":15},"end":{"line":3,"column":35}},"3":{"start":{"line":5,"column":0},"end":{"line":61,"column":2}},"4":{"start":{"line":6,"column":2},"end":{"line":60,"column":3}},"5":{"start":{"line":7,"column":42},"end":{"line":7,"column":50}},"6":{"start":{"line":9,"column":4},"end":{"line":11,"column":5}},"7":{"start":{"line":10,"column":6},"end":{"line":10,"column":92}},"8":{"start":{"line":14,"column":25},"end":{"line":18,"column":6}},"9":{"start":{"line":20,"column":4},"end":{"line":27,"column":5}},"10":{"start":{"line":21,"column":6},"end":{"line":23,"column":7}},"11":{"start":{"line":22,"column":8},"end":{"line":22,"column":72}},"12":{"start":{"line":24,"column":6},"end":{"line":26,"column":7}},"13":{"start":{"line":25,"column":8},"end":{"line":25,"column":74}},"14":{"start":{"line":30,"column":17},"end":{"line":30,"column":41}},"15":{"start":{"line":31,"column":26},"end":{"line":31,"column":59}},"16":{"start":{"line":34,"column":20},"end":{"line":39,"column":6}},"17":{"start":{"line":42,"column":4},"end":{"line":55,"column":7}},"18":{"start":{"line":43,"column":6},"end":{"line":45,"column":7}},"19":{"start":{"line":44,"column":8},"end":{"line":44,"column":81}},"20":{"start":{"line":46,"column":6},"end":{"line":54,"column":9}},"21":{"start":{"line":58,"column":4},"end":{"line":58,"column":42}},"22":{"start":{"line":59,"column":4},"end":{"line":59,"column":72}},"23":{"start":{"line":63,"column":0},"end":{"line":82,"column":2}},"24":{"start":{"line":64,"column":2},"end":{"line":81,"column":3}},"25":{"start":{"line":65,"column":32},"end":{"line":65,"column":41}},"26":{"start":{"line":67,"column":4},"end":{"line":70,"column":5}},"27":{"start":{"line":68,"column":19},"end":{"line":68,"column":59}},"28":{"start":{"line":69,"column":6},"end":{"line":69,"column":66}},"29":{"start":{"line":69,"column":16},"end":{"line":69,"column":66}},"30":{"start":{"line":72,"column":4},"end":{"line":75,"column":5}},"31":{"start":{"line":73,"column":19},"end":{"line":73,"column":62}},"32":{"start":{"line":74,"column":6},"end":{"line":74,"column":69}},"33":{"start":{"line":74,"column":16},"end":{"line":74,"column":69}},"34":{"start":{"line":77,"column":4},"end":{"line":77,"column":32}},"35":{"start":{"line":79,"column":4},"end":{"line":79,"column":51}},"36":{"start":{"line":80,"column":4},"end":{"line":80,"column":73}}},"fnMap":{"0":{"name":"(anonymous_0)","decl":{"start":{"line":5,"column":17},"end":{"line":5,"column":18}},"loc":{"start":{"line":5,"column":37},"end":{"line":61,"column":1}},"line":5},"1":{"name":"(anonymous_1)","decl":{"start":{"line":42,"column":23},"end":{"line":42,"column":24}},"loc":{"start":{"line":42,"column":32},"end":{"line":55,"column":5}},"line":42},"2":{"name":"(anonymous_2)","decl":{"start":{"line":63,"column":26},"end":{"line":63,"column":27}},"loc":{"start":{"line":63,"column":46},"end":{"line":82,"column":1}},"line":63}},"branchMap":{"0":{"loc":{"start":{"line":9,"column":4},"end":{"line":11,"column":5}},"type":"if","locations":[{"start":{"line":9,"column":4},"end":{"line":11,"column":5}},{"start":{},"end":{}}],"line":9},"1":{"loc":{"start":{"line":9,"column":8},"end":{"line":9,"column":40}},"type":"binary-expr","locations":[{"start":{"line":9,"column":8},"end":{"line":9,"column":17}},{"start":{"line":9,"column":21},"end":{"line":9,"column":27}},{"start":{"line":9,"column":31},"end":{"line":9,"column":40}}],"line":9},"2":{"loc":{"start":{"line":20,"column":4},"end":{"line":27,"column":5}},"type":"if","locations":[{"start":{"line":20,"column":4},"end":{"line":27,"column":5}},{"start":{},"end":{}}],"line":20},"3":{"loc":{"start":{"line":21,"column":6},"end":{"line":23,"column":7}},"type":"if","locations":[{"start":{"line":21,"column":6},"end":{"line":23,"column":7}},{"start":{},"end":{}}],"line":21},"4":{"loc":{"start":{"line":24,"column":6},"end":{"line":26,"column":7}},"type":"if","locations":[{"start":{"line":24,"column":6},"end":{"line":26,"column":7}},{"start":{},"end":{}}],"line":24},"5":{"loc":{"start":{"line":43,"column":6},"end":{"line":45,"column":7}},"type":"if","locations":[{"start":{"line":43,"column":6},"end":{"line":45,"column":7}},{"start":{},"end":{}}],"line":43},"6":{"loc":{"start":{"line":67,"column":4},"end":{"line":70,"column":5}},"type":"if","locations":[{"start":{"line":67,"column":4},"end":{"line":70,"column":5}},{"start":{},"end":{}}],"line":67},"7":{"loc":{"start":{"line":69,"column":6},"end":{"line":69,"column":66}},"type":"if","locations":[{"start":{"line":69,"column":6},"end":{"line":69,"column":66}},{"start":{},"end":{}}],"line":69},"8":{"loc":{"start":{"line":72,"column":4},"end":{"line":75,"column":5}},"type":"if","locations":[{"start":{"line":72,"column":4},"end":{"line":75,"column":5}},{"start":{},"end":{}}],"line":72},"9":{"loc":{"start":{"line":74,"column":6},"end":{"line":74,"column":69}},"type":"if","locations":[{"start":{"line":74,"column":6},"end":{"line":74,"column":69}},{"start":{},"end":{}}],"line":74}},"s":{"0":1,"1":1,"2":1,"3":1,"4":6,"5":6,"6":6,"7":1,"8":5,"9":4,"10":2,"11":1,"12":1,"13":1,"14":2,"15":2,"16":2,"17":2,"18":2,"19":1,"20":1,"21":1,"22":1,"23":1,"24":4,"25":4,"26":4,"27":2,"28":1,"29":1,"30":2,"31":2,"32":2,"33":1,"34":1,"35":1,"36":1},"f":{"0":6,"1":2,"2":4},"b":{"0":[1,5],"1":[6,6,5],"2":[2,2],"3":[1,1],"4":[1,0],"5":[1,1],"6":[2,2],"7":[1,0],"8":[2,0],"9":[1,1]},"_coverageSchema":"1a1c01bbd47fc00a2c39e90264f33305004495a9","hash":"b9606147a64948e9f5034c9d18a7c4083f250f6c"}
,"C:\\Users\\Father Fakir\\WARG-Platform\\server\\src\\controllers\\commentController.js": {"path":"C:\\Users\\Father Fakir\\WARG-Platform\\server\\src\\controllers\\commentController.js","statementMap":{"0":{"start":{"line":1,"column":26},"end":{"line":1,"column":46}},"1":{"start":{"line":3,"column":0},"end":{"line":21,"column":2}},"2":{"start":{"line":4,"column":2},"end":{"line":20,"column":3}},"3":{"start":{"line":5,"column":22},"end":{"line":5,"column":32}},"4":{"start":{"line":6,"column":21},"end":{"line":15,"column":6}},"5":{"start":{"line":16,"column":4},"end":{"line":16,"column":23}},"6":{"start":{"line":18,"column":4},"end":{"line":18,"column":53}},"7":{"start":{"line":19,"column":4},"end":{"line":19,"column":70}},"8":{"start":{"line":23,"column":0},"end":{"line":49,"column":2}},"9":{"start":{"line":24,"column":2},"end":{"line":48,"column":3}},"10":{"start":{"line":25,"column":4},"end":{"line":27,"column":5}},"11":{"start":{"line":26,"column":6},"end":{"line":26,"column":82}},"12":{"start":{"line":29,"column":22},"end":{"line":29,"column":32}},"13":{"start":{"line":30,"column":44},"end":{"line":30,"column":52}},"14":{"start":{"line":32,"column":4},"end":{"line":34,"column":5}},"15":{"start":{"line":33,"column":6},"end":{"line":33,"column":78}},"16":{"start":{"line":36,"column":23},"end":{"line":42,"column":6}},"17":{"start":{"line":44,"column":4},"end":{"line":44,"column":37}},"18":{"start":{"line":46,"column":4},"end":{"line":46,"column":51}},"19":{"start":{"line":47,"column":4},"end":{"line":47,"column":68}}},"fnMap":{"0":{"name":"(anonymous_0)","decl":{"start":{"line":3,"column":28},"end":{"line":3,"column":29}},"loc":{"start":{"line":3,"column":48},"end":{"line":21,"column":1}},"line":3},"1":{"name":"(anonymous_1)","decl":{"start":{"line":23,"column":22},"end":{"line":23,"column":23}},"loc":{"start":{"line":23,"column":42},"end":{"line":49,"column":1}},"line":23}},"branchMap":{"0":{"loc":{"start":{"line":25,"column":4},"end":{"line":27,"column":5}},"type":"if","locations":[{"start":{"line":25,"column":4},"end":{"line":27,"column":5}},{"start":{},"end":{}}],"line":25},"1":{"loc":{"start":{"line":32,"column":4},"end":{"line":34,"column":5}},"type":"if","locations":[{"start":{"line":32,"column":4},"end":{"line":34,"column":5}},{"start":{},"end":{}}],"line":32},"2":{"loc":{"start":{"line":32,"column":8},"end":{"line":32,"column":29}},"type":"binary-expr","locations":[{"start":{"line":32,"column":8},"end":{"line":32,"column":13}},{"start":{"line":32,"column":17},"end":{"line":32,"column":29}}],"line":32},"3":{"loc":{"start":{"line":39,"column":17},"end":{"line":39,"column":34}},"type":"binary-expr","locations":[{"start":{"line":39,"column":17},"end":{"line":39,"column":26}},{"start":{"line":39,"column":30},"end":{"line":39,"column":34}}],"line":39},"4":{"loc":{"start":{"line":41,"column":18},"end":{"line":41,"column":36}},"type":"cond-expr","locations":[{"start":{"line":41,"column":31},"end":{"line":41,"column":32}},{"start":{"line":41,"column":35},"end":{"line":41,"column":36}}],"line":41}},"s":{"0":1,"1":1,"2":2,"3":2,"4":2,"5":1,"6":1,"7":1,"8":1,"9":4,"10":4,"11":1,"12":3,"13":3,"14":3,"15":1,"16":2,"17":1,"18":1,"19":1},"f":{"0":2,"1":4},"b":{"0":[1,3],"1":[1,2],"2":[3,3],"3":[2,2],"4":[0,2]},"_coverageSchema":"1a1c01bbd47fc00a2c39e90264f33305004495a9","hash":"7c673e8554a124d5e5ede57f00e44bfaceac0323"}
,"C:\\Users\\Father Fakir\\WARG-Platform\\server\\src\\controllers\\sessionController.js": {"path":"C:\\Users\\Father Fakir\\WARG-Platform\\server\\src\\controllers\\sessionController.js","statementMap":{"0":{"start":{"line":1,"column":29},"end":{"line":1,"column":49}},"1":{"start":{"line":3,"column":0},"end":{"line":12,"column":2}},"2":{"start":{"line":4,"column":2},"end":{"line":11,"column":3}},"3":{"start":{"line":5,"column":32},"end":{"line":5,"column":40}},"4":{"start":{"line":6,"column":20},"end":{"line":6,"column":83}},"5":{"start":{"line":7,"column":4},"end":{"line":7,"column":34}},"6":{"start":{"line":9,"column":4},"end":{"line":9,"column":25}},"7":{"start":{"line":10,"column":4},"end":{"line":10,"column":68}},"8":{"start":{"line":14,"column":0},"end":{"line":25,"column":2}},"9":{"start":{"line":15,"column":2},"end":{"line":24,"column":3}},"10":{"start":{"line":16,"column":21},"end":{"line":19,"column":6}},"11":{"start":{"line":20,"column":4},"end":{"line":20,"column":23}},"12":{"start":{"line":22,"column":4},"end":{"line":22,"column":25}},"13":{"start":{"line":23,"column":4},"end":{"line":23,"column":71}}},"fnMap":{"0":{"name":"(anonymous_0)","decl":{"start":{"line":3,"column":27},"end":{"line":3,"column":28}},"loc":{"start":{"line":3,"column":47},"end":{"line":12,"column":1}},"line":3},"1":{"name":"(anonymous_1)","decl":{"start":{"line":14,"column":28},"end":{"line":14,"column":29}},"loc":{"start":{"line":14,"column":48},"end":{"line":25,"column":1}},"line":14}},"branchMap":{},"s":{"0":1,"1":1,"2":2,"3":2,"4":2,"5":1,"6":1,"7":1,"8":1,"9":2,"10":2,"11":1,"12":1,"13":1},"f":{"0":2,"1":2},"b":{},"_coverageSchema":"1a1c01bbd47fc00a2c39e90264f33305004495a9","hash":"4049b1998e9e4926f4573df91dd238561d875c1a"}
,"C:\\Users\\Father Fakir\\WARG-Platform\\server\\src\\controllers\\userController.js": {"path":"C:\\Users\\Father Fakir\\WARG-Platform\\server\\src\\controllers\\userController.js","statementMap":{"0":{"start":{"line":1,"column":57},"end":{"line":1,"column":77}},"1":{"start":{"line":2,"column":15},"end":{"line":2,"column":35}},"2":{"start":{"line":4,"column":0},"end":{"line":16,"column":2}},"3":{"start":{"line":5,"column":2},"end":{"line":15,"column":3}},"4":{"start":{"line":6,"column":17},"end":{"line":9,"column":6}},"5":{"start":{"line":10,"column":4},"end":{"line":10,"column":72}},"6":{"start":{"line":10,"column":15},"end":{"line":10,"column":72}},"7":{"start":{"line":11,"column":4},"end":{"line":11,"column":19}},"8":{"start":{"line":13,"column":4},"end":{"line":13,"column":25}},"9":{"start":{"line":14,"column":4},"end":{"line":14,"column":68}},"10":{"start":{"line":18,"column":0},"end":{"line":28,"column":2}},"11":{"start":{"line":19,"column":2},"end":{"line":27,"column":3}},"12":{"start":{"line":20,"column":17},"end":{"line":22,"column":6}},"13":{"start":{"line":23,"column":4},"end":{"line":23,"column":19}},"14":{"start":{"line":25,"column":4},"end":{"line":25,"column":25}},"15":{"start":{"line":26,"column":4},"end":{"line":26,"column":68}},"16":{"start":{"line":30,"column":0},"end":{"line":65,"column":2}},"17":{"start":{"line":31,"column":2},"end":{"line":64,"column":3}},"18":{"start":{"line":32,"column":19},"end":{"line":32,"column":32}},"19":{"start":{"line":34,"column":27},"end":{"line":39,"column":6}},"20":{"start":{"line":41,"column":22},"end":{"line":43,"column":5}},"21":{"start":{"line":42,"column":6},"end":{"line":42,"column":83}},"22":{"start":{"line":45,"column":4},"end":{"line":47,"column":5}},"23":{"start":{"line":46,"column":6},"end":{"line":46,"column":26}},"24":{"start":{"line":49,"column":20},"end":{"line":58,"column":6}},"25":{"start":{"line":60,"column":4},"end":{"line":60,"column":22}},"26":{"start":{"line":62,"column":4},"end":{"line":62,"column":25}},"27":{"start":{"line":63,"column":4},"end":{"line":63,"column":63}}},"fnMap":{"0":{"name":"(anonymous_0)","decl":{"start":{"line":4,"column":25},"end":{"line":4,"column":26}},"loc":{"start":{"line":4,"column":45},"end":{"line":16,"column":1}},"line":4},"1":{"name":"(anonymous_1)","decl":{"start":{"line":18,"column":25},"end":{"line":18,"column":26}},"loc":{"start":{"line":18,"column":45},"end":{"line":28,"column":1}},"line":18},"2":{"name":"(anonymous_2)","decl":{"start":{"line":30,"column":21},"end":{"line":30,"column":22}},"loc":{"start":{"line":30,"column":41},"end":{"line":65,"column":1}},"line":30},"3":{"name":"(anonymous_3)","decl":{"start":{"line":41,"column":41},"end":{"line":41,"column":42}},"loc":{"start":{"line":42,"column":6},"end":{"line":42,"column":83}},"line":42}},"branchMap":{"0":{"loc":{"start":{"line":10,"column":4},"end":{"line":10,"column":72}},"type":"if","locations":[{"start":{"line":10,"column":4},"end":{"line":10,"column":72}},{"start":{},"end":{}}],"line":10},"1":{"loc":{"start":{"line":42,"column":6},"end":{"line":42,"column":83}},"type":"cond-expr","locations":[{"start":{"line":42,"column":54},"end":{"line":42,"column":68}},{"start":{"line":42,"column":71},"end":{"line":42,"column":83}}],"line":42},"2":{"loc":{"start":{"line":45,"column":4},"end":{"line":47,"column":5}},"type":"if","locations":[{"start":{"line":45,"column":4},"end":{"line":47,"column":5}},{"start":{},"end":{}}],"line":45}},"s":{"0":1,"1":1,"2":1,"3":3,"4":3,"5":2,"6":1,"7":1,"8":1,"9":1,"10":1,"11":2,"12":2,"13":1,"14":1,"15":1,"16":1,"17":3,"18":3,"19":3,"20":2,"21":2,"22":2,"23":1,"24":1,"25":1,"26":1,"27":1},"f":{"0":3,"1":2,"2":3,"3":2},"b":{"0":[1,1],"1":[1,1],"2":[1,1]},"_coverageSchema":"1a1c01bbd47fc00a2c39e90264f33305004495a9","hash":"a51cbbac8ed31c5a673a140efd9e97833e536e0e"}
,"C:\\Users\\Father Fakir\\WARG-Platform\\server\\src\\models\\Arg.js": {"path":"C:\\Users\\Father Fakir\\WARG-Platform\\server\\src\\models\\Arg.js","statementMap":{"0":{"start":{"line":1,"column":22},"end":{"line":1,"column":42}},"1":{"start":{"line":2,"column":18},"end":{"line":2,"column":47}},"2":{"start":{"line":4,"column":12},"end":{"line":28,"column":2}},"3":{"start":{"line":30,"column":0},"end":{"line":30,"column":21}}},"fnMap":{},"branchMap":{},"s":{"0":1,"1":1,"2":1,"3":1},"f":{},"b":{},"_coverageSchema":"1a1c01bbd47fc00a2c39e90264f33305004495a9","hash":"0f3b2e663b5c7bc2b1b4c941558b0585b043586c"}
,"C:\\Users\\Father Fakir\\WARG-Platform\\server\\src\\models\\ArgVote.js": {"path":"C:\\Users\\Father Fakir\\WARG-Platform\\server\\src\\models\\ArgVote.js","statementMap":{"0":{"start":{"line":1,"column":22},"end":{"line":1,"column":42}},"1":{"start":{"line":2,"column":18},"end":{"line":2,"column":47}},"2":{"start":{"line":4,"column":16},"end":{"line":13,"column":2}},"3":{"start":{"line":15,"column":0},"end":{"line":15,"column":25}}},"fnMap":{},"branchMap":{},"s":{"0":1,"1":1,"2":1,"3":1},"f":{},"b":{},"_coverageSchema":"1a1c01bbd47fc00a2c39e90264f33305004495a9","hash":"11159a2de238a495e96717d33347df5df18f9e00"}
,"C:\\Users\\Father Fakir\\WARG-Platform\\server\\src\\models\\Asset.js": {"path":"C:\\Users\\Father Fakir\\WARG-Platform\\server\\src\\models\\Asset.js","statementMap":{"0":{"start":{"line":1,"column":22},"end":{"line":1,"column":42}},"1":{"start":{"line":2,"column":18},"end":{"line":2,"column":47}},"2":{"start":{"line":4,"column":14},"end":{"line":18,"column":2}},"3":{"start":{"line":20,"column":0},"end":{"line":20,"column":23}}},"fnMap":{},"branchMap":{},"s":{"0":1,"1":1,"2":1,"3":1},"f":{},"b":{},"_coverageSchema":"1a1c01bbd47fc00a2c39e90264f33305004495a9","hash":"e3da9d44d9566dd14e8c74e6a07851f51229c9f9"}
,"C:\\Users\\Father Fakir\\WARG-Platform\\server\\src\\models\\Badge.js": {"path":"C:\\Users\\Father Fakir\\WARG-Platform\\server\\src\\models\\Badge.js","statementMap":{"0":{"start":{"line":1,"column":22},"end":{"line":1,"column":42}},"1":{"start":{"line":2,"column":18},"end":{"line":2,"column":47}},"2":{"start":{"line":4,"column":14},"end":{"line":15,"column":2}},"3":{"start":{"line":17,"column":0},"end":{"line":17,"column":23}}},"fnMap":{},"branchMap":{},"s":{"0":1,"1":1,"2":1,"3":1},"f":{},"b":{},"_coverageSchema":"1a1c01bbd47fc00a2c39e90264f33305004495a9","hash":"170c38323eca79cbeef24916ec656abf6cd033b0"}
,"C:\\Users\\Father Fakir\\WARG-Platform\\server\\src\\models\\Comment.js": {"path":"C:\\Users\\Father Fakir\\WARG-Platform\\server\\src\\models\\Comment.js","statementMap":{"0":{"start":{"line":1,"column":22},"end":{"line":1,"column":42}},"1":{"start":{"line":2,"column":18},"end":{"line":2,"column":47}},"2":{"start":{"line":4,"column":16},"end":{"line":18,"column":2}},"3":{"start":{"line":20,"column":0},"end":{"line":20,"column":25}}},"fnMap":{},"branchMap":{},"s":{"0":1,"1":1,"2":1,"3":1},"f":{},"b":{},"_coverageSchema":"1a1c01bbd47fc00a2c39e90264f33305004495a9","hash":"573204afa9a34c3da0020fd3bba948c0008d76c0"}
,"C:\\Users\\Father Fakir\\WARG-Platform\\server\\src\\models\\Flag.js": {"path":"C:\\Users\\Father Fakir\\WARG-Platform\\server\\src\\models\\Flag.js","statementMap":{"0":{"start":{"line":1,"column":22},"end":{"line":1,"column":42}},"1":{"start":{"line":2,"column":18},"end":{"line":2,"column":47}},"2":{"start":{"line":4,"column":13},"end":{"line":33,"column":2}},"3":{"start":{"line":35,"column":0},"end":{"line":35,"column":22}}},"fnMap":{},"branchMap":{},"s":{"0":1,"1":1,"2":1,"3":1},"f":{},"b":{},"_coverageSchema":"1a1c01bbd47fc00a2c39e90264f33305004495a9","hash":"b6f9cf9d8059c0f7a17cfc4c2553da4db7a706d2"}
,"C:\\Users\\Father Fakir\\WARG-Platform\\server\\src\\models\\FriendRequest.js": {"path":"C:\\Users\\Father Fakir\\WARG-Platform\\server\\src\\models\\FriendRequest.js","statementMap":{"0":{"start":{"line":1,"column":22},"end":{"line":1,"column":42}},"1":{"start":{"line":2,"column":18},"end":{"line":2,"column":47}},"2":{"start":{"line":4,"column":22},"end":{"line":13,"column":2}},"3":{"start":{"line":15,"column":0},"end":{"line":15,"column":31}}},"fnMap":{},"branchMap":{},"s":{"0":1,"1":1,"2":1,"3":1},"f":{},"b":{},"_coverageSchema":"1a1c01bbd47fc00a2c39e90264f33305004495a9","hash":"60625d5b751ec6b3a4065f0c2a2f16fea55e3711"}
,"C:\\Users\\Father Fakir\\WARG-Platform\\server\\src\\models\\GameSession.js": {"path":"C:\\Users\\Father Fakir\\WARG-Platform\\server\\src\\models\\GameSession.js","statementMap":{"0":{"start":{"line":1,"column":22},"end":{"line":1,"column":42}},"1":{"start":{"line":2,"column":18},"end":{"line":2,"column":47}},"2":{"start":{"line":4,"column":20},"end":{"line":16,"column":2}},"3":{"start":{"line":18,"column":0},"end":{"line":18,"column":29}}},"fnMap":{},"branchMap":{},"s":{"0":1,"1":1,"2":1,"3":1},"f":{},"b":{},"_coverageSchema":"1a1c01bbd47fc00a2c39e90264f33305004495a9","hash":"5a661ccdf6fcfae171729abe16151586f54cc1d5"}
,"C:\\Users\\Father Fakir\\WARG-Platform\\server\\src\\models\\LocationEvent.js": {"path":"C:\\Users\\Father Fakir\\WARG-Platform\\server\\src\\models\\LocationEvent.js","statementMap":{"0":{"start":{"line":1,"column":22},"end":{"line":1,"column":42}},"1":{"start":{"line":2,"column":18},"end":{"line":2,"column":47}},"2":{"start":{"line":4,"column":22},"end":{"line":17,"column":2}},"3":{"start":{"line":19,"column":0},"end":{"line":19,"column":31}}},"fnMap":{},"branchMap":{},"s":{"0":1,"1":1,"2":1,"3":1},"f":{},"b":{},"_coverageSchema":"1a1c01bbd47fc00a2c39e90264f33305004495a9","hash":"489da8c4478691fd12076f59042526e6afa0da93"}
,"C:\\Users\\Father Fakir\\WARG-Platform\\server\\src\\models\\Minigame.js": {"path":"C:\\Users\\Father Fakir\\WARG-Platform\\server\\src\\models\\Minigame.js","statementMap":{"0":{"start":{"line":1,"column":22},"end":{"line":1,"column":42}},"1":{"start":{"line":2,"column":18},"end":{"line":2,"column":47}},"2":{"start":{"line":4,"column":17},"end":{"line":15,"column":2}},"3":{"start":{"line":17,"column":0},"end":{"line":17,"column":26}}},"fnMap":{},"branchMap":{},"s":{"0":1,"1":1,"2":1,"3":1},"f":{},"b":{},"_coverageSchema":"1a1c01bbd47fc00a2c39e90264f33305004495a9","hash":"410f300888d5d97e55c69735706371f561d6c6c1"}
,"C:\\Users\\Father Fakir\\WARG-Platform\\server\\src\\models\\MinigameAttempt.js": {"path":"C:\\Users\\Father Fakir\\WARG-Platform\\server\\src\\models\\MinigameAttempt.js","statementMap":{"0":{"start":{"line":1,"column":22},"end":{"line":1,"column":42}},"1":{"start":{"line":2,"column":18},"end":{"line":2,"column":47}},"2":{"start":{"line":4,"column":24},"end":{"line":15,"column":2}},"3":{"start":{"line":17,"column":0},"end":{"line":17,"column":33}}},"fnMap":{},"branchMap":{},"s":{"0":1,"1":1,"2":1,"3":1},"f":{},"b":{},"_coverageSchema":"1a1c01bbd47fc00a2c39e90264f33305004495a9","hash":"e96295b4c62f2079625df95c2273f65f512f2e1c"}
,"C:\\Users\\Father Fakir\\WARG-Platform\\server\\src\\models\\Notification.js": {"path":"C:\\Users\\Father Fakir\\WARG-Platform\\server\\src\\models\\Notification.js","statementMap":{"0":{"start":{"line":1,"column":22},"end":{"line":1,"column":42}},"1":{"start":{"line":2,"column":18},"end":{"line":2,"column":47}},"2":{"start":{"line":4,"column":21},"end":{"line":16,"column":2}},"3":{"start":{"line":18,"column":0},"end":{"line":18,"column":30}}},"fnMap":{},"branchMap":{},"s":{"0":1,"1":1,"2":1,"3":1},"f":{},"b":{},"_coverageSchema":"1a1c01bbd47fc00a2c39e90264f33305004495a9","hash":"38dd37f28cddf4244ca1fda5289518a3cc97602c"}
,"C:\\Users\\Father Fakir\\WARG-Platform\\server\\src\\models\\TrustEvent.js": {"path":"C:\\Users\\Father Fakir\\WARG-Platform\\server\\src\\models\\TrustEvent.js","statementMap":{"0":{"start":{"line":1,"column":22},"end":{"line":1,"column":42}},"1":{"start":{"line":2,"column":18},"end":{"line":2,"column":47}},"2":{"start":{"line":4,"column":19},"end":{"line":14,"column":2}},"3":{"start":{"line":16,"column":0},"end":{"line":16,"column":28}}},"fnMap":{},"branchMap":{},"s":{"0":1,"1":1,"2":1,"3":1},"f":{},"b":{},"_coverageSchema":"1a1c01bbd47fc00a2c39e90264f33305004495a9","hash":"5a66477b0acba924addfede8229a00d5c469c793"}
,"C:\\Users\\Father Fakir\\WARG-Platform\\server\\src\\models\\User.js": {"path":"C:\\Users\\Father Fakir\\WARG-Platform\\server\\src\\models\\User.js","statementMap":{"0":{"start":{"line":1,"column":22},"end":{"line":1,"column":42}},"1":{"start":{"line":2,"column":18},"end":{"line":2,"column":47}},"2":{"start":{"line":4,"column":13},"end":{"line":25,"column":2}},"3":{"start":{"line":27,"column":0},"end":{"line":27,"column":22}}},"fnMap":{},"branchMap":{},"s":{"0":2,"1":2,"2":2,"3":2},"f":{},"b":{},"_coverageSchema":"1a1c01bbd47fc00a2c39e90264f33305004495a9","hash":"4c53b0070b27c9fb4d0eddf5bdd1a8fb81416def"}
,"C:\\Users\\Father Fakir\\WARG-Platform\\server\\src\\models\\UserBadge.js": {"path":"C:\\Users\\Father Fakir\\WARG-Platform\\server\\src\\models\\UserBadge.js","statementMap":{"0":{"start":{"line":1,"column":22},"end":{"line":1,"column":42}},"1":{"start":{"line":2,"column":18},"end":{"line":2,"column":47}},"2":{"start":{"line":4,"column":18},"end":{"line":13,"column":2}},"3":{"start":{"line":15,"column":0},"end":{"line":15,"column":27}}},"fnMap":{},"branchMap":{},"s":{"0":1,"1":1,"2":1,"3":1},"f":{},"b":{},"_coverageSchema":"1a1c01bbd47fc00a2c39e90264f33305004495a9","hash":"9e69650490802a04ae1da934b8bba9c38d19d77d"}
,"C:\\Users\\Father Fakir\\WARG-Platform\\server\\src\\models\\UserFollow.js": {"path":"C:\\Users\\Father Fakir\\WARG-Platform\\server\\src\\models\\UserFollow.js","statementMap":{"0":{"start":{"line":1,"column":22},"end":{"line":1,"column":42}},"1":{"start":{"line":2,"column":18},"end":{"line":2,"column":47}},"2":{"start":{"line":4,"column":19},"end":{"line":10,"column":2}},"3":{"start":{"line":12,"column":0},"end":{"line":12,"column":28}}},"fnMap":{},"branchMap":{},"s":{"0":1,"1":1,"2":1,"3":1},"f":{},"b":{},"_coverageSchema":"1a1c01bbd47fc00a2c39e90264f33305004495a9","hash":"fa7529d73a87d90722d192fe544ea78459f3ca53"}
,"C:\\Users\\Father Fakir\\WARG-Platform\\server\\src\\models\\Waypoint.js": {"path":"C:\\Users\\Father Fakir\\WARG-Platform\\server\\src\\models\\Waypoint.js","statementMap":{"0":{"start":{"line":1,"column":22},"end":{"line":1,"column":42}},"1":{"start":{"line":2,"column":18},"end":{"line":2,"column":47}},"2":{"start":{"line":4,"column":17},"end":{"line":17,"column":2}},"3":{"start":{"line":19,"column":0},"end":{"line":19,"column":26}}},"fnMap":{},"branchMap":{},"s":{"0":1,"1":1,"2":1,"3":1},"f":{},"b":{},"_coverageSchema":"1a1c01bbd47fc00a2c39e90264f33305004495a9","hash":"59cdee9f53e0357368bcc6b5713b4ceb581f6bbd"}
,"C:\\Users\\Father Fakir\\WARG-Platform\\server\\src\\models\\WaypointEdge.js": {"path":"C:\\Users\\Father Fakir\\WARG-Platform\\server\\src\\models\\WaypointEdge.js","statementMap":{"0":{"start":{"line":1,"column":22},"end":{"line":1,"column":42}},"1":{"start":{"line":2,"column":18},"end":{"line":2,"column":47}},"2":{"start":{"line":4,"column":21},"end":{"line":13,"column":2}},"3":{"start":{"line":15,"column":0},"end":{"line":15,"column":30}}},"fnMap":{},"branchMap":{},"s":{"0":1,"1":1,"2":1,"3":1},"f":{},"b":{},"_coverageSchema":"1a1c01bbd47fc00a2c39e90264f33305004495a9","hash":"cf751e72c2c5f1f676105e68b2ae4656166a0b04"}
,"C:\\Users\\Father Fakir\\WARG-Platform\\server\\src\\models\\WaypointProgress.js": {"path":"C:\\Users\\Father Fakir\\WARG-Platform\\server\\src\\models\\WaypointProgress.js","statementMap":{"0":{"start":{"line":1,"column":22},"end":{"line":1,"column":42}},"1":{"start":{"line":2,"column":18},"end":{"line":2,"column":47}},"2":{"start":{"line":4,"column":25},"end":{"line":15,"column":2}},"3":{"start":{"line":17,"column":0},"end":{"line":17,"column":34}}},"fnMap":{},"branchMap":{},"s":{"0":1,"1":1,"2":1,"3":1},"f":{},"b":{},"_coverageSchema":"1a1c01bbd47fc00a2c39e90264f33305004495a9","hash":"2ee951092354efb8768dc1d61ccb322958c3755a"}
,"C:\\Users\\Father Fakir\\WARG-Platform\\server\\src\\routes\\argRoutes.js": {"path":"C:\\Users\\Father Fakir\\WARG-Platform\\server\\src\\routes\\argRoutes.js","statementMap":{"0":{"start":{"line":1,"column":16},"end":{"line":1,"column":34}},"1":{"start":{"line":2,"column":15},"end":{"line":2,"column":31}},"2":{"start":{"line":3,"column":22},"end":{"line":3,"column":61}},"3":{"start":{"line":5,"column":0},"end":{"line":5,"column":42}},"4":{"start":{"line":6,"column":0},"end":{"line":6,"column":45}},"5":{"start":{"line":7,"column":0},"end":{"line":7,"column":42}},"6":{"start":{"line":8,"column":0},"end":{"line":8,"column":44}},"7":{"start":{"line":9,"column":0},"end":{"line":9,"column":48}},"8":{"start":{"line":10,"column":0},"end":{"line":10,"column":48}},"9":{"start":{"line":12,"column":0},"end":{"line":12,"column":24}}},"fnMap":{},"branchMap":{},"s":{"0":1,"1":1,"2":1,"3":1,"4":1,"5":1,"6":1,"7":1,"8":1,"9":1},"f":{},"b":{},"_coverageSchema":"1a1c01bbd47fc00a2c39e90264f33305004495a9","hash":"5c2de60e0cb02065e83cbde7972cc91df0e07cb4"}
,"C:\\Users\\Father Fakir\\WARG-Platform\\server\\src\\routes\\authRoutes.js": {"path":"C:\\Users\\Father Fakir\\WARG-Platform\\server\\src\\routes\\authRoutes.js","statementMap":{"0":{"start":{"line":1,"column":16},"end":{"line":1,"column":34}},"1":{"start":{"line":2,"column":17},"end":{"line":2,"column":36}},"2":{"start":{"line":3,"column":15},"end":{"line":3,"column":31}},"3":{"start":{"line":4,"column":23},"end":{"line":4,"column":63}},"4":{"start":{"line":7,"column":0},"end":{"line":9,"column":4}},"5":{"start":{"line":12,"column":0},"end":{"line":38,"column":3}},"6":{"start":{"line":13,"column":2},"end":{"line":37,"column":21}},"7":{"start":{"line":16,"column":22},"end":{"line":16,"column":82}},"8":{"start":{"line":19,"column":4},"end":{"line":22,"column":5}},"9":{"start":{"line":20,"column":6},"end":{"line":20,"column":57}},"10":{"start":{"line":21,"column":6},"end":{"line":21,"column":72}},"11":{"start":{"line":25,"column":4},"end":{"line":27,"column":5}},"12":{"start":{"line":26,"column":6},"end":{"line":26,"column":71}},"13":{"start":{"line":30,"column":4},"end":{"line":36,"column":7}},"14":{"start":{"line":31,"column":6},"end":{"line":34,"column":7}},"15":{"start":{"line":32,"column":8},"end":{"line":32,"column":60}},"16":{"start":{"line":33,"column":8},"end":{"line":33,"column":75}},"17":{"start":{"line":35,"column":6},"end":{"line":35,"column":52}},"18":{"start":{"line":41,"column":0},"end":{"line":41,"column":46}},"19":{"start":{"line":44,"column":0},"end":{"line":44,"column":58}},"20":{"start":{"line":47,"column":0},"end":{"line":64,"column":3}},"21":{"start":{"line":48,"column":2},"end":{"line":63,"column":21}},"22":{"start":{"line":49,"column":4},"end":{"line":52,"column":5}},"23":{"start":{"line":50,"column":6},"end":{"line":50,"column":56}},"24":{"start":{"line":51,"column":6},"end":{"line":51,"column":83}},"25":{"start":{"line":53,"column":4},"end":{"line":55,"column":5}},"26":{"start":{"line":54,"column":6},"end":{"line":54,"column":86}},"27":{"start":{"line":56,"column":4},"end":{"line":62,"column":7}},"28":{"start":{"line":57,"column":6},"end":{"line":60,"column":7}},"29":{"start":{"line":58,"column":8},"end":{"line":58,"column":60}},"30":{"start":{"line":59,"column":8},"end":{"line":59,"column":64}},"31":{"start":{"line":61,"column":6},"end":{"line":61,"column":78}},"32":{"start":{"line":67,"column":0},"end":{"line":78,"column":3}},"33":{"start":{"line":68,"column":2},"end":{"line":76,"column":3}},"34":{"start":{"line":69,"column":4},"end":{"line":75,"column":7}},"35":{"start":{"line":77,"column":2},"end":{"line":77,"column":55}},"36":{"start":{"line":81,"column":0},"end":{"line":90,"column":3}},"37":{"start":{"line":82,"column":2},"end":{"line":89,"column":5}},"38":{"start":{"line":83,"column":4},"end":{"line":85,"column":5}},"39":{"start":{"line":84,"column":6},"end":{"line":84,"column":65}},"40":{"start":{"line":86,"column":4},"end":{"line":88,"column":7}},"41":{"start":{"line":87,"column":6},"end":{"line":87,"column":99}},"42":{"start":{"line":92,"column":0},"end":{"line":92,"column":24}}},"fnMap":{"0":{"name":"(anonymous_0)","decl":{"start":{"line":12,"column":31},"end":{"line":12,"column":32}},"loc":{"start":{"line":12,"column":51},"end":{"line":38,"column":1}},"line":12},"1":{"name":"(anonymous_1)","decl":{"start":{"line":13,"column":34},"end":{"line":13,"column":35}},"loc":{"start":{"line":13,"column":55},"end":{"line":37,"column":3}},"line":13},"2":{"name":"(anonymous_2)","decl":{"start":{"line":30,"column":20},"end":{"line":30,"column":21}},"loc":{"start":{"line":30,"column":34},"end":{"line":36,"column":5}},"line":30},"3":{"name":"(anonymous_3)","decl":{"start":{"line":47,"column":22},"end":{"line":47,"column":23}},"loc":{"start":{"line":47,"column":42},"end":{"line":64,"column":1}},"line":47},"4":{"name":"(anonymous_4)","decl":{"start":{"line":48,"column":33},"end":{"line":48,"column":34}},"loc":{"start":{"line":48,"column":54},"end":{"line":63,"column":3}},"line":48},"5":{"name":"(anonymous_5)","decl":{"start":{"line":56,"column":20},"end":{"line":56,"column":21}},"loc":{"start":{"line":56,"column":34},"end":{"line":62,"column":5}},"line":56},"6":{"name":"(anonymous_6)","decl":{"start":{"line":67,"column":18},"end":{"line":67,"column":19}},"loc":{"start":{"line":67,"column":32},"end":{"line":78,"column":1}},"line":67},"7":{"name":"(anonymous_7)","decl":{"start":{"line":81,"column":22},"end":{"line":81,"column":23}},"loc":{"start":{"line":81,"column":36},"end":{"line":90,"column":1}},"line":81},"8":{"name":"(anonymous_8)","decl":{"start":{"line":82,"column":13},"end":{"line":82,"column":14}},"loc":{"start":{"line":82,"column":22},"end":{"line":89,"column":3}},"line":82},"9":{"name":"(anonymous_9)","decl":{"start":{"line":86,"column":24},"end":{"line":86,"column":25}},"loc":{"start":{"line":86,"column":30},"end":{"line":88,"column":5}},"line":86}},"branchMap":{"0":{"loc":{"start":{"line":16,"column":22},"end":{"line":16,"column":82}},"type":"binary-expr","locations":[{"start":{"line":16,"column":22},"end":{"line":16,"column":50}},{"start":{"line":16,"column":54},"end":{"line":16,"column":76}},{"start":{"line":16,"column":80},"end":{"line":16,"column":82}}],"line":16},"1":{"loc":{"start":{"line":19,"column":4},"end":{"line":22,"column":5}},"type":"if","locations":[{"start":{"line":19,"column":4},"end":{"line":22,"column":5}},{"start":{},"end":{}}],"line":19},"2":{"loc":{"start":{"line":25,"column":4},"end":{"line":27,"column":5}},"type":"if","locations":[{"start":{"line":25,"column":4},"end":{"line":27,"column":5}},{"start":{},"end":{}}],"line":25},"3":{"loc":{"start":{"line":31,"column":6},"end":{"line":34,"column":7}},"type":"if","locations":[{"start":{"line":31,"column":6},"end":{"line":34,"column":7}},{"start":{},"end":{}}],"line":31},"4":{"loc":{"start":{"line":49,"column":4},"end":{"line":52,"column":5}},"type":"if","locations":[{"start":{"line":49,"column":4},"end":{"line":52,"column":5}},{"start":{},"end":{}}],"line":49},"5":{"loc":{"start":{"line":53,"column":4},"end":{"line":55,"column":5}},"type":"if","locations":[{"start":{"line":53,"column":4},"end":{"line":55,"column":5}},{"start":{},"end":{}}],"line":53},"6":{"loc":{"start":{"line":54,"column":43},"end":{"line":54,"column":82}},"type":"binary-expr","locations":[{"start":{"line":54,"column":43},"end":{"line":54,"column":55}},{"start":{"line":54,"column":59},"end":{"line":54,"column":82}}],"line":54},"7":{"loc":{"start":{"line":57,"column":6},"end":{"line":60,"column":7}},"type":"if","locations":[{"start":{"line":57,"column":6},"end":{"line":60,"column":7}},{"start":{},"end":{}}],"line":57},"8":{"loc":{"start":{"line":68,"column":2},"end":{"line":76,"column":3}},"type":"if","locations":[{"start":{"line":68,"column":2},"end":{"line":76,"column":3}},{"start":{},"end":{}}],"line":68},"9":{"loc":{"start":{"line":83,"column":4},"end":{"line":85,"column":5}},"type":"if","locations":[{"start":{"line":83,"column":4},"end":{"line":85,"column":5}},{"start":{},"end":{}}],"line":83},"10":{"loc":{"start":{"line":87,"column":20},"end":{"line":87,"column":80}},"type":"binary-expr","locations":[{"start":{"line":87,"column":20},"end":{"line":87,"column":48}},{"start":{"line":87,"column":52},"end":{"line":87,"column":74}},{"start":{"line":87,"column":78},"end":{"line":87,"column":80}}],"line":87}},"s":{"0":1,"1":1,"2":1,"3":1,"4":1,"5":1,"6":4,"7":4,"8":4,"9":1,"10":1,"11":3,"12":1,"13":2,"14":2,"15":1,"16":1,"17":1,"18":1,"19":1,"20":1,"21":4,"22":4,"23":1,"24":1,"25":3,"26":1,"27":2,"28":2,"29":1,"30":1,"31":1,"32":1,"33":2,"34":1,"35":1,"36":1,"37":2,"38":2,"39":1,"40":1,"41":1,"42":1},"f":{"0":4,"1":4,"2":2,"3":4,"4":4,"5":2,"6":2,"7":2,"8":2,"9":1},"b":{"0":[4,4,4],"1":[1,3],"2":[1,2],"3":[1,1],"4":[1,3],"5":[1,2],"6":[1,0],"7":[1,1],"8":[1,1],"9":[1,1],"10":[1,1,1]},"_coverageSchema":"1a1c01bbd47fc00a2c39e90264f33305004495a9","hash":"8a3c2b4dc170cd15470e180a1574df4089bec94b"}
,"C:\\Users\\Father Fakir\\WARG-Platform\\server\\src\\routes\\commentRoutes.js": {"path":"C:\\Users\\Father Fakir\\WARG-Platform\\server\\src\\routes\\commentRoutes.js","statementMap":{"0":{"start":{"line":1,"column":16},"end":{"line":1,"column":34}},"1":{"start":{"line":2,"column":15},"end":{"line":2,"column":31}},"2":{"start":{"line":3,"column":26},"end":{"line":3,"column":69}},"3":{"start":{"line":5,"column":0},"end":{"line":5,"column":63}},"4":{"start":{"line":6,"column":0},"end":{"line":6,"column":58}},"5":{"start":{"line":8,"column":0},"end":{"line":8,"column":24}}},"fnMap":{},"branchMap":{},"s":{"0":1,"1":1,"2":1,"3":1,"4":1,"5":1},"f":{},"b":{},"_coverageSchema":"1a1c01bbd47fc00a2c39e90264f33305004495a9","hash":"1e55b22e995424862b6b724041e48ac5f316ddfa"}
,"C:\\Users\\Father Fakir\\WARG-Platform\\server\\src\\routes\\sessionRoutes.js": {"path":"C:\\Users\\Father Fakir\\WARG-Platform\\server\\src\\routes\\sessionRoutes.js","statementMap":{"0":{"start":{"line":1,"column":16},"end":{"line":1,"column":34}},"1":{"start":{"line":2,"column":15},"end":{"line":2,"column":31}},"2":{"start":{"line":3,"column":26},"end":{"line":3,"column":69}},"3":{"start":{"line":5,"column":0},"end":{"line":5,"column":58}},"4":{"start":{"line":6,"column":0},"end":{"line":6,"column":61}},"5":{"start":{"line":8,"column":0},"end":{"line":8,"column":24}}},"fnMap":{},"branchMap":{},"s":{"0":1,"1":1,"2":1,"3":1,"4":1,"5":1},"f":{},"b":{},"_coverageSchema":"1a1c01bbd47fc00a2c39e90264f33305004495a9","hash":"d5e333bf5da7ec6a39cbfb6eef7dab3c4d990931"}
,"C:\\Users\\Father Fakir\\WARG-Platform\\server\\src\\routes\\userRoutes.js": {"path":"C:\\Users\\Father Fakir\\WARG-Platform\\server\\src\\routes\\userRoutes.js","statementMap":{"0":{"start":{"line":1,"column":16},"end":{"line":1,"column":34}},"1":{"start":{"line":2,"column":15},"end":{"line":2,"column":31}},"2":{"start":{"line":3,"column":23},"end":{"line":3,"column":63}},"3":{"start":{"line":5,"column":0},"end":{"line":5,"column":50}},"4":{"start":{"line":6,"column":0},"end":{"line":6,"column":58}},"5":{"start":{"line":7,"column":0},"end":{"line":7,"column":54}},"6":{"start":{"line":9,"column":0},"end":{"line":9,"column":24}}},"fnMap":{},"branchMap":{},"s":{"0":1,"1":1,"2":1,"3":1,"4":1,"5":1,"6":1},"f":{},"b":{},"_coverageSchema":"1a1c01bbd47fc00a2c39e90264f33305004495a9","hash":"41081691cd6974d527e54febd357f935738c54a9"}
}
