TN:
SF:src\config\database.js
FNF:0
FNH:0
DA:1,2
DA:2,2
DA:5,2
DA:17,2
LF:4
LH:4
BRF:0
BRH:0
end_of_record
TN:
SF:src\config\passport.js
FN:8,(anonymous_0)
FN:13,(anonymous_1)
FN:33,(anonymous_2)
FN:66,(anonymous_3)
FNF:4
FNH:2
FNDA:0,(anonymous_0)
FNDA:0,(anonymous_1)
FNDA:3,(anonymous_2)
FNDA:5,(anonymous_3)
DA:1,1
DA:2,1
DA:3,1
DA:4,1
DA:5,1
DA:8,1
DA:9,0
DA:13,1
DA:14,0
DA:15,0
DA:18,0
DA:20,0
DA:27,1
DA:28,1
DA:34,3
DA:36,3
DA:38,2
DA:40,1
DA:44,1
DA:52,1
DA:54,1
DA:58,1
DA:60,0
DA:64,1
DA:67,5
DA:68,5
DA:69,4
DA:70,1
DA:74,3
DA:75,1
DA:78,2
DA:79,2
DA:80,1
DA:83,1
DA:85,1
DA:90,1
LF:36
LH:30
BRDA:27,0,0,1
BRDA:27,0,1,0
BRDA:27,1,0,1
BRDA:27,1,1,1
BRDA:31,2,0,1
BRDA:31,2,1,1
BRDA:38,3,0,1
BRDA:38,3,1,1
BRDA:47,4,0,1
BRDA:47,4,1,0
BRDA:69,5,0,1
BRDA:69,5,1,3
BRDA:74,6,0,1
BRDA:74,6,1,2
BRDA:79,7,0,1
BRDA:79,7,1,1
BRF:16
BRH:14
end_of_record
TN:
SF:src\controllers\argController.js
FN:3,(anonymous_0)
FN:16,(anonymous_1)
FN:37,(anonymous_2)
FN:46,(anonymous_3)
FN:97,(anonymous_4)
FN:123,(anonymous_5)
FN:124,(anonymous_6)
FN:124,(anonymous_7)
FN:125,(anonymous_8)
FN:195,(anonymous_9)
FN:231,(anonymous_10)
FNF:11
FNH:6
FNDA:2,(anonymous_0)
FNDA:3,(anonymous_1)
FNDA:0,(anonymous_2)
FNDA:2,(anonymous_3)
FNDA:3,(anonymous_4)
FNDA:0,(anonymous_5)
FNDA:0,(anonymous_6)
FNDA:0,(anonymous_7)
FNDA:0,(anonymous_8)
FNDA:2,(anonymous_9)
FNDA:2,(anonymous_10)
DA:1,1
DA:3,1
DA:4,2
DA:5,2
DA:9,1
DA:11,1
DA:12,1
DA:16,1
DA:17,3
DA:18,3
DA:29,2
DA:30,1
DA:32,1
DA:33,1
DA:37,1
DA:38,0
DA:43,0
DA:46,1
DA:47,2
DA:48,2
DA:49,2
DA:50,2
DA:52,2
DA:59,1
DA:60,1
DA:61,0
DA:68,0
DA:70,0
DA:76,1
DA:77,0
DA:78,0
DA:79,0
DA:80,0
DA:88,1
DA:89,1
DA:91,1
DA:92,1
DA:93,1
DA:97,1
DA:98,3
DA:99,3
DA:100,3
DA:101,3
DA:103,3
DA:104,3
DA:105,1
DA:106,1
DA:109,2
DA:110,2
DA:111,1
DA:112,1
DA:115,1
DA:122,1
DA:123,1
DA:124,1
DA:125,1
DA:127,1
DA:128,0
DA:131,1
DA:132,1
DA:133,0
DA:135,0
DA:141,0
DA:143,0
DA:144,0
DA:145,0
DA:147,0
DA:154,0
DA:161,0
DA:163,0
DA:171,1
DA:173,1
DA:174,0
DA:175,0
DA:177,0
DA:178,0
DA:186,1
DA:187,1
DA:189,0
DA:190,0
DA:191,0
DA:195,1
DA:196,2
DA:197,2
DA:198,2
DA:200,2
DA:201,1
DA:204,1
DA:206,1
DA:207,1
DA:208,0
DA:209,0
DA:210,0
DA:212,0
DA:213,0
DA:216,1
DA:219,1
DA:220,1
DA:222,1
DA:224,1
DA:226,0
DA:227,0
DA:231,1
DA:232,2
DA:233,2
DA:234,2
DA:236,2
DA:237,1
DA:240,1
DA:247,1
DA:249,0
DA:250,0
LF:112
LH:76
BRDA:29,0,0,1
BRDA:29,0,1,1
BRDA:43,1,0,0
BRDA:43,1,1,0
BRDA:49,2,0,2
BRDA:49,2,1,0
BRDA:49,3,0,0
BRDA:49,3,1,0
BRDA:50,4,0,1
BRDA:50,5,0,1
BRDA:54,6,0,2
BRDA:54,6,1,1
BRDA:55,7,0,2
BRDA:55,7,1,2
BRDA:56,8,0,2
BRDA:56,8,1,2
BRDA:63,9,0,0
BRDA:63,9,1,0
BRDA:64,10,0,0
BRDA:64,10,1,0
BRDA:79,11,0,0
BRDA:79,11,1,0
BRDA:79,12,0,0
BRDA:79,12,1,0
BRDA:101,13,0,3
BRDA:101,14,0,3
BRDA:104,15,0,1
BRDA:104,15,1,2
BRDA:109,16,0,2
BRDA:109,16,1,0
BRDA:109,17,0,0
BRDA:109,17,1,0
BRDA:110,18,0,1
BRDA:110,18,1,1
BRDA:116,19,0,1
BRDA:116,19,1,0
BRDA:117,20,0,1
BRDA:117,20,1,1
BRDA:118,21,0,1
BRDA:118,21,1,1
BRDA:127,22,0,0
BRDA:127,22,1,1
BRDA:133,23,0,0
BRDA:133,23,1,0
BRDA:136,24,0,0
BRDA:136,24,1,0
BRDA:137,25,0,0
BRDA:137,25,1,0
BRDA:144,26,0,0
BRDA:144,26,1,0
BRDA:156,27,0,0
BRDA:156,27,1,0
BRDA:157,28,0,0
BRDA:157,28,1,0
BRDA:174,29,0,0
BRDA:174,29,1,0
BRDA:175,30,0,0
BRDA:175,30,1,0
BRDA:177,31,0,0
BRDA:177,31,1,0
BRDA:177,32,0,0
BRDA:177,32,1,0
BRDA:200,33,0,1
BRDA:200,33,1,1
BRDA:200,34,0,2
BRDA:200,34,1,1
BRDA:207,35,0,0
BRDA:207,35,1,1
BRDA:208,36,0,0
BRDA:208,36,1,0
BRDA:236,37,0,1
BRDA:236,37,1,1
BRDA:236,38,0,2
BRDA:236,38,1,1
BRF:74
BRH:33
end_of_record
TN:
SF:src\controllers\authController.js
FN:5,(anonymous_0)
FN:42,(anonymous_1)
FN:63,(anonymous_2)
FNF:3
FNH:3
FNDA:6,(anonymous_0)
FNDA:2,(anonymous_1)
FNDA:4,(anonymous_2)
DA:1,1
DA:2,1
DA:3,1
DA:5,1
DA:6,6
DA:7,6
DA:9,6
DA:10,1
DA:14,5
DA:20,4
DA:21,2
DA:22,1
DA:24,1
DA:25,1
DA:30,2
DA:31,2
DA:34,2
DA:42,2
DA:43,2
DA:44,1
DA:46,1
DA:58,1
DA:59,1
DA:63,1
DA:64,4
DA:65,4
DA:67,4
DA:68,2
DA:69,1
DA:72,2
DA:73,2
DA:74,2
DA:77,1
DA:79,1
DA:80,1
LF:35
LH:35
BRDA:9,0,0,1
BRDA:9,0,1,5
BRDA:9,1,0,6
BRDA:9,1,1,6
BRDA:9,1,2,5
BRDA:20,2,0,2
BRDA:20,2,1,2
BRDA:21,3,0,1
BRDA:21,3,1,1
BRDA:24,4,0,1
BRDA:24,4,1,0
BRDA:43,5,0,1
BRDA:43,5,1,1
BRDA:67,6,0,2
BRDA:67,6,1,2
BRDA:69,7,0,1
BRDA:69,7,1,0
BRDA:72,8,0,2
BRDA:72,8,1,0
BRDA:74,9,0,1
BRDA:74,9,1,1
BRF:21
BRH:18
end_of_record
TN:
SF:src\controllers\commentController.js
FN:3,(anonymous_0)
FN:23,(anonymous_1)
FNF:2
FNH:2
FNDA:2,(anonymous_0)
FNDA:4,(anonymous_1)
DA:1,1
DA:3,1
DA:4,2
DA:5,2
DA:6,2
DA:16,1
DA:18,1
DA:19,1
DA:23,1
DA:24,4
DA:25,4
DA:26,1
DA:29,3
DA:30,3
DA:32,3
DA:33,1
DA:36,2
DA:44,1
DA:46,1
DA:47,1
LF:20
LH:20
BRDA:25,0,0,1
BRDA:25,0,1,3
BRDA:32,1,0,1
BRDA:32,1,1,2
BRDA:32,2,0,3
BRDA:32,2,1,3
BRDA:39,3,0,2
BRDA:39,3,1,2
BRDA:41,4,0,0
BRDA:41,4,1,2
BRF:10
BRH:9
end_of_record
TN:
SF:src\controllers\sessionController.js
FN:3,(anonymous_0)
FN:14,(anonymous_1)
FNF:2
FNH:2
FNDA:2,(anonymous_0)
FNDA:2,(anonymous_1)
DA:1,1
DA:3,1
DA:4,2
DA:5,2
DA:6,2
DA:7,1
DA:9,1
DA:10,1
DA:14,1
DA:15,2
DA:16,2
DA:20,1
DA:22,1
DA:23,1
LF:14
LH:14
BRF:0
BRH:0
end_of_record
TN:
SF:src\controllers\userController.js
FN:4,(anonymous_0)
FN:18,(anonymous_1)
FN:30,(anonymous_2)
FN:41,(anonymous_3)
FNF:4
FNH:4
FNDA:3,(anonymous_0)
FNDA:2,(anonymous_1)
FNDA:3,(anonymous_2)
FNDA:2,(anonymous_3)
DA:1,1
DA:2,1
DA:4,1
DA:5,3
DA:6,3
DA:10,2
DA:11,1
DA:13,1
DA:14,1
DA:18,1
DA:19,2
DA:20,2
DA:23,1
DA:25,1
DA:26,1
DA:30,1
DA:31,3
DA:32,3
DA:34,3
DA:41,2
DA:42,2
DA:45,2
DA:46,1
DA:49,1
DA:60,1
DA:62,1
DA:63,1
LF:27
LH:27
BRDA:10,0,0,1
BRDA:10,0,1,1
BRDA:42,1,0,1
BRDA:42,1,1,1
BRDA:45,2,0,1
BRDA:45,2,1,1
BRF:6
BRH:6
end_of_record
TN:
SF:src\models\Arg.js
FNF:0
FNH:0
DA:1,1
DA:2,1
DA:4,1
DA:30,1
LF:4
LH:4
BRF:0
BRH:0
end_of_record
TN:
SF:src\models\ArgVote.js
FNF:0
FNH:0
DA:1,1
DA:2,1
DA:4,1
DA:15,1
LF:4
LH:4
BRF:0
BRH:0
end_of_record
TN:
SF:src\models\Asset.js
FNF:0
FNH:0
DA:1,1
DA:2,1
DA:4,1
DA:20,1
LF:4
LH:4
BRF:0
BRH:0
end_of_record
TN:
SF:src\models\Badge.js
FNF:0
FNH:0
DA:1,1
DA:2,1
DA:4,1
DA:17,1
LF:4
LH:4
BRF:0
BRH:0
end_of_record
TN:
SF:src\models\Comment.js
FNF:0
FNH:0
DA:1,1
DA:2,1
DA:4,1
DA:20,1
LF:4
LH:4
BRF:0
BRH:0
end_of_record
TN:
SF:src\models\Flag.js
FNF:0
FNH:0
DA:1,1
DA:2,1
DA:4,1
DA:35,1
LF:4
LH:4
BRF:0
BRH:0
end_of_record
TN:
SF:src\models\FriendRequest.js
FNF:0
FNH:0
DA:1,1
DA:2,1
DA:4,1
DA:15,1
LF:4
LH:4
BRF:0
BRH:0
end_of_record
TN:
SF:src\models\GameSession.js
FNF:0
FNH:0
DA:1,1
DA:2,1
DA:4,1
DA:18,1
LF:4
LH:4
BRF:0
BRH:0
end_of_record
TN:
SF:src\models\LocationEvent.js
FNF:0
FNH:0
DA:1,1
DA:2,1
DA:4,1
DA:19,1
LF:4
LH:4
BRF:0
BRH:0
end_of_record
TN:
SF:src\models\Minigame.js
FNF:0
FNH:0
DA:1,1
DA:2,1
DA:4,1
DA:17,1
LF:4
LH:4
BRF:0
BRH:0
end_of_record
TN:
SF:src\models\MinigameAttempt.js
FNF:0
FNH:0
DA:1,1
DA:2,1
DA:4,1
DA:17,1
LF:4
LH:4
BRF:0
BRH:0
end_of_record
TN:
SF:src\models\Notification.js
FNF:0
FNH:0
DA:1,1
DA:2,1
DA:4,1
DA:18,1
LF:4
LH:4
BRF:0
BRH:0
end_of_record
TN:
SF:src\models\TrustEvent.js
FNF:0
FNH:0
DA:1,1
DA:2,1
DA:4,1
DA:16,1
LF:4
LH:4
BRF:0
BRH:0
end_of_record
TN:
SF:src\models\User.js
FNF:0
FNH:0
DA:1,2
DA:2,2
DA:4,2
DA:27,2
LF:4
LH:4
BRF:0
BRH:0
end_of_record
TN:
SF:src\models\UserBadge.js
FNF:0
FNH:0
DA:1,1
DA:2,1
DA:4,1
DA:15,1
LF:4
LH:4
BRF:0
BRH:0
end_of_record
TN:
SF:src\models\UserFollow.js
FNF:0
FNH:0
DA:1,1
DA:2,1
DA:4,1
DA:12,1
LF:4
LH:4
BRF:0
BRH:0
end_of_record
TN:
SF:src\models\Waypoint.js
FNF:0
FNH:0
DA:1,1
DA:2,1
DA:4,1
DA:19,1
LF:4
LH:4
BRF:0
BRH:0
end_of_record
TN:
SF:src\models\WaypointEdge.js
FNF:0
FNH:0
DA:1,1
DA:2,1
DA:4,1
DA:15,1
LF:4
LH:4
BRF:0
BRH:0
end_of_record
TN:
SF:src\models\WaypointProgress.js
FNF:0
FNH:0
DA:1,1
DA:2,1
DA:4,1
DA:17,1
LF:4
LH:4
BRF:0
BRH:0
end_of_record
TN:
SF:src\routes\argRoutes.js
FNF:0
FNH:0
DA:1,1
DA:2,1
DA:3,1
DA:5,1
DA:6,1
DA:7,1
DA:8,1
DA:9,1
DA:10,1
DA:12,1
LF:10
LH:10
BRF:0
BRH:0
end_of_record
TN:
SF:src\routes\authRoutes.js
FN:12,(anonymous_0)
FN:13,(anonymous_1)
FN:30,(anonymous_2)
FN:47,(anonymous_3)
FN:48,(anonymous_4)
FN:56,(anonymous_5)
FN:67,(anonymous_6)
FN:81,(anonymous_7)
FN:82,(anonymous_8)
FN:86,(anonymous_9)
FNF:10
FNH:10
FNDA:4,(anonymous_0)
FNDA:4,(anonymous_1)
FNDA:2,(anonymous_2)
FNDA:4,(anonymous_3)
FNDA:4,(anonymous_4)
FNDA:2,(anonymous_5)
FNDA:2,(anonymous_6)
FNDA:2,(anonymous_7)
FNDA:2,(anonymous_8)
FNDA:1,(anonymous_9)
DA:1,1
DA:2,1
DA:3,1
DA:4,1
DA:7,1
DA:12,1
DA:13,4
DA:16,4
DA:19,4
DA:20,1
DA:21,1
DA:25,3
DA:26,1
DA:30,2
DA:31,2
DA:32,1
DA:33,1
DA:35,1
DA:41,1
DA:44,1
DA:47,1
DA:48,4
DA:49,4
DA:50,1
DA:51,1
DA:53,3
DA:54,1
DA:56,2
DA:57,2
DA:58,1
DA:59,1
DA:61,1
DA:67,1
DA:68,2
DA:69,1
DA:77,1
DA:81,1
DA:82,2
DA:83,2
DA:84,1
DA:86,1
DA:87,1
DA:92,1
LF:43
LH:43
BRDA:16,0,0,4
BRDA:16,0,1,4
BRDA:16,0,2,4
BRDA:19,1,0,1
BRDA:19,1,1,3
BRDA:25,2,0,1
BRDA:25,2,1,2
BRDA:31,3,0,1
BRDA:31,3,1,1
BRDA:49,4,0,1
BRDA:49,4,1,3
BRDA:53,5,0,1
BRDA:53,5,1,2
BRDA:54,6,0,1
BRDA:54,6,1,0
BRDA:57,7,0,1
BRDA:57,7,1,1
BRDA:68,8,0,1
BRDA:68,8,1,1
BRDA:83,9,0,1
BRDA:83,9,1,1
BRDA:87,10,0,1
BRDA:87,10,1,1
BRDA:87,10,2,1
BRF:24
BRH:23
end_of_record
TN:
SF:src\routes\commentRoutes.js
FNF:0
FNH:0
DA:1,1
DA:2,1
DA:3,1
DA:5,1
DA:6,1
DA:8,1
LF:6
LH:6
BRF:0
BRH:0
end_of_record
TN:
SF:src\routes\sessionRoutes.js
FNF:0
FNH:0
DA:1,1
DA:2,1
DA:3,1
DA:5,1
DA:6,1
DA:8,1
LF:6
LH:6
BRF:0
BRH:0
end_of_record
TN:
SF:src\routes\userRoutes.js
FNF:0
FNH:0
DA:1,1
DA:2,1
DA:3,1
DA:5,1
DA:6,1
DA:7,1
DA:9,1
LF:7
LH:7
BRF:0
BRH:0
end_of_record
